e:\raytracing\gpupathtracing\lib\freeglut-3.0.0\x64\release\fg_teapot.obj
e:\raytracing\gpupathtracing\lib\freeglut-3.0.0\x64\release\fg_structure.obj
e:\raytracing\gpupathtracing\lib\freeglut-3.0.0\x64\release\fg_stroke_roman.obj
e:\raytracing\gpupathtracing\lib\freeglut-3.0.0\x64\release\fg_stroke_mono_roman.obj
e:\raytracing\gpupathtracing\lib\freeglut-3.0.0\x64\release\fg_state.obj
e:\raytracing\gpupathtracing\lib\freeglut-3.0.0\x64\release\fg_spaceball.obj
e:\raytracing\gpupathtracing\lib\freeglut-3.0.0\x64\release\fg_overlay.obj
e:\raytracing\gpupathtracing\lib\freeglut-3.0.0\x64\release\fg_misc.obj
e:\raytracing\gpupathtracing\lib\freeglut-3.0.0\x64\release\fg_main.obj
e:\raytracing\gpupathtracing\lib\freeglut-3.0.0\x64\release\fg_joystick.obj
e:\raytracing\gpupathtracing\lib\freeglut-3.0.0\x64\release\fg_input_devices.obj
e:\raytracing\gpupathtracing\lib\freeglut-3.0.0\x64\release\fg_init.obj
e:\raytracing\gpupathtracing\lib\freeglut-3.0.0\x64\release\fg_gl2.obj
e:\raytracing\gpupathtracing\lib\freeglut-3.0.0\x64\release\fg_geometry.obj
e:\raytracing\gpupathtracing\lib\freeglut-3.0.0\x64\release\fg_gamemode.obj
e:\raytracing\gpupathtracing\lib\freeglut-3.0.0\x64\release\fg_font_data.obj
e:\raytracing\gpupathtracing\lib\freeglut-3.0.0\x64\release\fg_ext.obj
e:\raytracing\gpupathtracing\lib\freeglut-3.0.0\x64\release\fg_display.obj
e:\raytracing\gpupathtracing\lib\freeglut-3.0.0\x64\release\fg_cursor.obj
e:\raytracing\gpupathtracing\lib\freeglut-3.0.0\x64\release\fg_callbacks.obj
e:\raytracing\gpupathtracing\lib\freeglut-3.0.0\x64\release\xparsegeometry_repl.obj
e:\raytracing\gpupathtracing\lib\freeglut-3.0.0\x64\release\fg_window_mswin.obj
e:\raytracing\gpupathtracing\lib\freeglut-3.0.0\x64\release\fg_structure_mswin.obj
e:\raytracing\gpupathtracing\lib\freeglut-3.0.0\x64\release\fg_state_mswin.obj
e:\raytracing\gpupathtracing\lib\freeglut-3.0.0\x64\release\fg_spaceball_mswin.obj
e:\raytracing\gpupathtracing\lib\freeglut-3.0.0\x64\release\fg_menu_mswin.obj
e:\raytracing\gpupathtracing\lib\freeglut-3.0.0\x64\release\fg_main_mswin.obj
e:\raytracing\gpupathtracing\lib\freeglut-3.0.0\x64\release\fg_joystick_mswin.obj
e:\raytracing\gpupathtracing\lib\freeglut-3.0.0\x64\release\fg_input_devices_mswin.obj
e:\raytracing\gpupathtracing\lib\freeglut-3.0.0\x64\release\fg_init_mswin.obj
e:\raytracing\gpupathtracing\lib\freeglut-3.0.0\x64\release\fg_gamemode_mswin.obj
e:\raytracing\gpupathtracing\lib\freeglut-3.0.0\x64\release\fg_ext_mswin.obj
e:\raytracing\gpupathtracing\lib\freeglut-3.0.0\x64\release\fg_display_mswin.obj
e:\raytracing\gpupathtracing\lib\freeglut-3.0.0\x64\release\fg_cursor_mswin.obj
e:\raytracing\gpupathtracing\lib\freeglut-3.0.0\x64\release\fg_menu.obj
e:\raytracing\gpupathtracing\lib\freeglut-3.0.0\x64\release\fg_font.obj
e:\raytracing\gpupathtracing\lib\freeglut-3.0.0\x64\release\fg_window.obj
e:\raytracing\gpupathtracing\lib\freeglut-3.0.0\x64\release\fg_videoresize.obj
e:\raytracing\gpupathtracing\lib\freeglut-3.0.0\cmakefiles\generate.stamp
e:\raytracing\gpupathtracing\lib\freeglut-3.0.0\lib\release\freeglut.lib
e:\raytracing\gpupathtracing\lib\freeglut-3.0.0\lib\release\freeglut.exp
e:\raytracing\gpupathtracing\lib\freeglut-3.0.0\x64\release\freeglut.dll
e:\raytracing\gpupathtracing\lib\freeglut-3.0.0\x64\release\freeglut.res
e:\raytracing\gpupathtracing\lib\freeglut-3.0.0\x64\release\freeglut.tlog\cl.command.1.tlog
e:\raytracing\gpupathtracing\lib\freeglut-3.0.0\x64\release\freeglut.tlog\cl.read.1.tlog
e:\raytracing\gpupathtracing\lib\freeglut-3.0.0\x64\release\freeglut.tlog\cl.write.1.tlog
e:\raytracing\gpupathtracing\lib\freeglut-3.0.0\x64\release\freeglut.tlog\custombuild.command.1.tlog
e:\raytracing\gpupathtracing\lib\freeglut-3.0.0\x64\release\freeglut.tlog\custombuild.read.1.tlog
e:\raytracing\gpupathtracing\lib\freeglut-3.0.0\x64\release\freeglut.tlog\custombuild.write.1.tlog
e:\raytracing\gpupathtracing\lib\freeglut-3.0.0\x64\release\freeglut.tlog\freeglut.write.1u.tlog
e:\raytracing\gpupathtracing\lib\freeglut-3.0.0\x64\release\freeglut.tlog\link.command.1.tlog
e:\raytracing\gpupathtracing\lib\freeglut-3.0.0\x64\release\freeglut.tlog\link.read.1.tlog
e:\raytracing\gpupathtracing\lib\freeglut-3.0.0\x64\release\freeglut.tlog\link.write.1.tlog
e:\raytracing\gpupathtracing\lib\freeglut-3.0.0\x64\release\freeglut.tlog\rc.command.1.tlog
e:\raytracing\gpupathtracing\lib\freeglut-3.0.0\x64\release\freeglut.tlog\rc.read.1.tlog
e:\raytracing\gpupathtracing\lib\freeglut-3.0.0\x64\release\freeglut.tlog\rc.write.1.tlog
