fg_callbacks.obj : warning LNK4197: 多次指定导出“glutTimerFunc”；使用第一个规范
fg_callbacks.obj : warning LNK4197: 多次指定导出“glutIdleFunc”；使用第一个规范
fg_callbacks.obj : warning LNK4197: 多次指定导出“glutKeyboardFunc”；使用第一个规范
fg_callbacks.obj : warning LNK4197: 多次指定导出“glutSpecialFunc”；使用第一个规范
fg_callbacks.obj : warning LNK4197: 多次指定导出“glutReshapeFunc”；使用第一个规范
fg_callbacks.obj : warning LNK4197: 多次指定导出“glutVisibilityFunc”；使用第一个规范
fg_callbacks.obj : warning LNK4197: 多次指定导出“glutDisplayFunc”；使用第一个规范
fg_callbacks.obj : warning LNK4197: 多次指定导出“glutMouseFunc”；使用第一个规范
fg_callbacks.obj : warning LNK4197: 多次指定导出“glutMotionFunc”；使用第一个规范
fg_callbacks.obj : warning LNK4197: 多次指定导出“glutPassiveMotionFunc”；使用第一个规范
fg_callbacks.obj : warning LNK4197: 多次指定导出“glutEntryFunc”；使用第一个规范
fg_callbacks.obj : warning LNK4197: 多次指定导出“glutKeyboardUpFunc”；使用第一个规范
fg_callbacks.obj : warning LNK4197: 多次指定导出“glutSpecialUpFunc”；使用第一个规范
fg_callbacks.obj : warning LNK4197: 多次指定导出“glutJoystickFunc”；使用第一个规范
fg_callbacks.obj : warning LNK4197: 多次指定导出“glutMenuStateFunc”；使用第一个规范
fg_callbacks.obj : warning LNK4197: 多次指定导出“glutMenuStatusFunc”；使用第一个规范
fg_callbacks.obj : warning LNK4197: 多次指定导出“glutOverlayDisplayFunc”；使用第一个规范
fg_callbacks.obj : warning LNK4197: 多次指定导出“glutWindowStatusFunc”；使用第一个规范
fg_callbacks.obj : warning LNK4197: 多次指定导出“glutSpaceballMotionFunc”；使用第一个规范
fg_callbacks.obj : warning LNK4197: 多次指定导出“glutSpaceballRotateFunc”；使用第一个规范
fg_callbacks.obj : warning LNK4197: 多次指定导出“glutSpaceballButtonFunc”；使用第一个规范
fg_callbacks.obj : warning LNK4197: 多次指定导出“glutButtonBoxFunc”；使用第一个规范
fg_callbacks.obj : warning LNK4197: 多次指定导出“glutDialsFunc”；使用第一个规范
fg_callbacks.obj : warning LNK4197: 多次指定导出“glutTabletMotionFunc”；使用第一个规范
fg_callbacks.obj : warning LNK4197: 多次指定导出“glutTabletButtonFunc”；使用第一个规范
fg_callbacks.obj : warning LNK4197: 多次指定导出“glutMouseWheelFunc”；使用第一个规范
fg_callbacks.obj : warning LNK4197: 多次指定导出“glutPositionFunc”；使用第一个规范
fg_callbacks.obj : warning LNK4197: 多次指定导出“glutCloseFunc”；使用第一个规范
fg_callbacks.obj : warning LNK4197: 多次指定导出“glutWMCloseFunc”；使用第一个规范
fg_callbacks.obj : warning LNK4197: 多次指定导出“glutMenuDestroyFunc”；使用第一个规范
fg_callbacks.obj : warning LNK4197: 多次指定导出“glutMultiEntryFunc”；使用第一个规范
fg_callbacks.obj : warning LNK4197: 多次指定导出“glutMultiButtonFunc”；使用第一个规范
fg_callbacks.obj : warning LNK4197: 多次指定导出“glutMultiMotionFunc”；使用第一个规范
fg_callbacks.obj : warning LNK4197: 多次指定导出“glutMultiPassiveFunc”；使用第一个规范
fg_callbacks.obj : warning LNK4197: 多次指定导出“glutInitContextFunc”；使用第一个规范
fg_callbacks.obj : warning LNK4197: 多次指定导出“glutAppStatusFunc”；使用第一个规范
fg_cursor.obj : warning LNK4197: 多次指定导出“glutWarpPointer”；使用第一个规范
fg_cursor.obj : warning LNK4197: 多次指定导出“glutSetCursor”；使用第一个规范
fg_display.obj : warning LNK4197: 多次指定导出“glutPostWindowRedisplay”；使用第一个规范
fg_display.obj : warning LNK4197: 多次指定导出“glutPostRedisplay”；使用第一个规范
fg_display.obj : warning LNK4197: 多次指定导出“glutSwapBuffers”；使用第一个规范
fg_ext.obj : warning LNK4197: 多次指定导出“glutGetProcAddress”；使用第一个规范
fg_gamemode.obj : warning LNK4197: 多次指定导出“glutGameModeString”；使用第一个规范
fg_gamemode.obj : warning LNK4197: 多次指定导出“glutEnterGameMode”；使用第一个规范
fg_gamemode.obj : warning LNK4197: 多次指定导出“glutLeaveGameMode”；使用第一个规范
fg_gamemode.obj : warning LNK4197: 多次指定导出“glutGameModeGet”；使用第一个规范
fg_geometry.obj : warning LNK4197: 多次指定导出“glutWireCube”；使用第一个规范
fg_geometry.obj : warning LNK4197: 多次指定导出“glutSolidCube”；使用第一个规范
fg_geometry.obj : warning LNK4197: 多次指定导出“glutWireSphere”；使用第一个规范
fg_geometry.obj : warning LNK4197: 多次指定导出“glutSolidSphere”；使用第一个规范
fg_geometry.obj : warning LNK4197: 多次指定导出“glutWireCone”；使用第一个规范
fg_geometry.obj : warning LNK4197: 多次指定导出“glutSolidCone”；使用第一个规范
fg_geometry.obj : warning LNK4197: 多次指定导出“glutWireTorus”；使用第一个规范
fg_geometry.obj : warning LNK4197: 多次指定导出“glutSolidTorus”；使用第一个规范
fg_geometry.obj : warning LNK4197: 多次指定导出“glutWireDodecahedron”；使用第一个规范
fg_geometry.obj : warning LNK4197: 多次指定导出“glutSolidDodecahedron”；使用第一个规范
fg_geometry.obj : warning LNK4197: 多次指定导出“glutWireOctahedron”；使用第一个规范
fg_geometry.obj : warning LNK4197: 多次指定导出“glutSolidOctahedron”；使用第一个规范
fg_geometry.obj : warning LNK4197: 多次指定导出“glutWireTetrahedron”；使用第一个规范
fg_geometry.obj : warning LNK4197: 多次指定导出“glutSolidTetrahedron”；使用第一个规范
fg_geometry.obj : warning LNK4197: 多次指定导出“glutWireIcosahedron”；使用第一个规范
fg_geometry.obj : warning LNK4197: 多次指定导出“glutSolidIcosahedron”；使用第一个规范
fg_geometry.obj : warning LNK4197: 多次指定导出“glutWireRhombicDodecahedron”；使用第一个规范
fg_geometry.obj : warning LNK4197: 多次指定导出“glutSolidRhombicDodecahedron”；使用第一个规范
fg_geometry.obj : warning LNK4197: 多次指定导出“glutWireSierpinskiSponge”；使用第一个规范
fg_geometry.obj : warning LNK4197: 多次指定导出“glutSolidSierpinskiSponge”；使用第一个规范
fg_geometry.obj : warning LNK4197: 多次指定导出“glutWireCylinder”；使用第一个规范
fg_geometry.obj : warning LNK4197: 多次指定导出“glutSolidCylinder”；使用第一个规范
fg_gl2.obj : warning LNK4197: 多次指定导出“glutSetVertexAttribCoord3”；使用第一个规范
fg_gl2.obj : warning LNK4197: 多次指定导出“glutSetVertexAttribNormal”；使用第一个规范
fg_gl2.obj : warning LNK4197: 多次指定导出“glutSetVertexAttribTexCoord2”；使用第一个规范
fg_init.obj : warning LNK4197: 多次指定导出“glutInit”；使用第一个规范
fg_init.obj : warning LNK4197: 多次指定导出“glutInitWindowPosition”；使用第一个规范
fg_init.obj : warning LNK4197: 多次指定导出“glutInitWindowSize”；使用第一个规范
fg_init.obj : warning LNK4197: 多次指定导出“glutInitDisplayMode”；使用第一个规范
fg_init.obj : warning LNK4197: 多次指定导出“glutInitDisplayString”；使用第一个规范
fg_init.obj : warning LNK4197: 多次指定导出“glutExit”；使用第一个规范
fg_init.obj : warning LNK4197: 多次指定导出“glutInitContextVersion”；使用第一个规范
fg_init.obj : warning LNK4197: 多次指定导出“glutInitContextFlags”；使用第一个规范
fg_init.obj : warning LNK4197: 多次指定导出“glutInitContextProfile”；使用第一个规范
fg_init.obj : warning LNK4197: 多次指定导出“glutInitErrorFunc”；使用第一个规范
fg_init.obj : warning LNK4197: 多次指定导出“glutInitWarningFunc”；使用第一个规范
fg_joystick.obj : warning LNK4197: 多次指定导出“glutForceJoystickFunc”；使用第一个规范
fg_main.obj : warning LNK4197: 多次指定导出“glutMainLoop”；使用第一个规范
fg_main.obj : warning LNK4197: 多次指定导出“glutMainLoopEvent”；使用第一个规范
fg_main.obj : warning LNK4197: 多次指定导出“glutLeaveMainLoop”；使用第一个规范
fg_misc.obj : warning LNK4197: 多次指定导出“glutSetColor”；使用第一个规范
fg_misc.obj : warning LNK4197: 多次指定导出“glutGetColor”；使用第一个规范
fg_misc.obj : warning LNK4197: 多次指定导出“glutCopyColormap”；使用第一个规范
fg_misc.obj : warning LNK4197: 多次指定导出“glutIgnoreKeyRepeat”；使用第一个规范
fg_misc.obj : warning LNK4197: 多次指定导出“glutSetKeyRepeat”；使用第一个规范
fg_misc.obj : warning LNK4197: 多次指定导出“glutExtensionSupported”；使用第一个规范
fg_misc.obj : warning LNK4197: 多次指定导出“glutReportErrors”；使用第一个规范
fg_overlay.obj : warning LNK4197: 多次指定导出“glutEstablishOverlay”；使用第一个规范
fg_overlay.obj : warning LNK4197: 多次指定导出“glutRemoveOverlay”；使用第一个规范
fg_overlay.obj : warning LNK4197: 多次指定导出“glutUseLayer”；使用第一个规范
fg_overlay.obj : warning LNK4197: 多次指定导出“glutPostOverlayRedisplay”；使用第一个规范
fg_overlay.obj : warning LNK4197: 多次指定导出“glutPostWindowOverlayRedisplay”；使用第一个规范
fg_overlay.obj : warning LNK4197: 多次指定导出“glutShowOverlay”；使用第一个规范
fg_overlay.obj : warning LNK4197: 多次指定导出“glutHideOverlay”；使用第一个规范
fg_state.obj : warning LNK4197: 多次指定导出“glutGet”；使用第一个规范
fg_state.obj : warning LNK4197: 多次指定导出“glutDeviceGet”；使用第一个规范
fg_state.obj : warning LNK4197: 多次指定导出“glutGetModifiers”；使用第一个规范
fg_state.obj : warning LNK4197: 多次指定导出“glutLayerGet”；使用第一个规范
fg_state.obj : warning LNK4197: 多次指定导出“glutSetOption”；使用第一个规范
fg_state.obj : warning LNK4197: 多次指定导出“glutGetModeValues”；使用第一个规范
fg_teapot.obj : warning LNK4197: 多次指定导出“glutWireTeapot”；使用第一个规范
fg_teapot.obj : warning LNK4197: 多次指定导出“glutSolidTeapot”；使用第一个规范
fg_teapot.obj : warning LNK4197: 多次指定导出“glutWireTeacup”；使用第一个规范
fg_teapot.obj : warning LNK4197: 多次指定导出“glutSolidTeacup”；使用第一个规范
fg_teapot.obj : warning LNK4197: 多次指定导出“glutWireTeaspoon”；使用第一个规范
fg_teapot.obj : warning LNK4197: 多次指定导出“glutSolidTeaspoon”；使用第一个规范
fg_videoresize.obj : warning LNK4197: 多次指定导出“glutVideoResizeGet”；使用第一个规范
fg_videoresize.obj : warning LNK4197: 多次指定导出“glutSetupVideoResizing”；使用第一个规范
fg_videoresize.obj : warning LNK4197: 多次指定导出“glutStopVideoResizing”；使用第一个规范
fg_videoresize.obj : warning LNK4197: 多次指定导出“glutVideoResize”；使用第一个规范
fg_videoresize.obj : warning LNK4197: 多次指定导出“glutVideoPan”；使用第一个规范
fg_window.obj : warning LNK4197: 多次指定导出“glutCreateWindow”；使用第一个规范
fg_window.obj : warning LNK4197: 多次指定导出“glutCreateSubWindow”；使用第一个规范
fg_window.obj : warning LNK4197: 多次指定导出“glutDestroyWindow”；使用第一个规范
fg_window.obj : warning LNK4197: 多次指定导出“glutSetWindow”；使用第一个规范
fg_window.obj : warning LNK4197: 多次指定导出“glutGetWindow”；使用第一个规范
fg_window.obj : warning LNK4197: 多次指定导出“glutSetWindowTitle”；使用第一个规范
fg_window.obj : warning LNK4197: 多次指定导出“glutSetIconTitle”；使用第一个规范
fg_window.obj : warning LNK4197: 多次指定导出“glutReshapeWindow”；使用第一个规范
fg_window.obj : warning LNK4197: 多次指定导出“glutPositionWindow”；使用第一个规范
fg_window.obj : warning LNK4197: 多次指定导出“glutShowWindow”；使用第一个规范
fg_window.obj : warning LNK4197: 多次指定导出“glutHideWindow”；使用第一个规范
fg_window.obj : warning LNK4197: 多次指定导出“glutIconifyWindow”；使用第一个规范
fg_window.obj : warning LNK4197: 多次指定导出“glutPushWindow”；使用第一个规范
fg_window.obj : warning LNK4197: 多次指定导出“glutPopWindow”；使用第一个规范
fg_window.obj : warning LNK4197: 多次指定导出“glutFullScreen”；使用第一个规范
fg_window.obj : warning LNK4197: 多次指定导出“glutFullScreenToggle”；使用第一个规范
fg_window.obj : warning LNK4197: 多次指定导出“glutLeaveFullScreen”；使用第一个规范
fg_window.obj : warning LNK4197: 多次指定导出“glutGetWindowData”；使用第一个规范
fg_window.obj : warning LNK4197: 多次指定导出“glutSetWindowData”；使用第一个规范
fg_font.obj : warning LNK4197: 多次指定导出“glutBitmapCharacter”；使用第一个规范
fg_font.obj : warning LNK4197: 多次指定导出“glutBitmapWidth”；使用第一个规范
fg_font.obj : warning LNK4197: 多次指定导出“glutStrokeCharacter”；使用第一个规范
fg_font.obj : warning LNK4197: 多次指定导出“glutStrokeWidth”；使用第一个规范
fg_font.obj : warning LNK4197: 多次指定导出“glutBitmapLength”；使用第一个规范
fg_font.obj : warning LNK4197: 多次指定导出“glutStrokeLength”；使用第一个规范
fg_font.obj : warning LNK4197: 多次指定导出“glutBitmapHeight”；使用第一个规范
fg_font.obj : warning LNK4197: 多次指定导出“glutStrokeHeight”；使用第一个规范
fg_font.obj : warning LNK4197: 多次指定导出“glutBitmapString”；使用第一个规范
fg_font.obj : warning LNK4197: 多次指定导出“glutStrokeString”；使用第一个规范
fg_menu.obj : warning LNK4197: 多次指定导出“glutCreateMenu”；使用第一个规范
fg_menu.obj : warning LNK4197: 多次指定导出“glutDestroyMenu”；使用第一个规范
fg_menu.obj : warning LNK4197: 多次指定导出“glutGetMenu”；使用第一个规范
fg_menu.obj : warning LNK4197: 多次指定导出“glutSetMenu”；使用第一个规范
fg_menu.obj : warning LNK4197: 多次指定导出“glutAddMenuEntry”；使用第一个规范
fg_menu.obj : warning LNK4197: 多次指定导出“glutAddSubMenu”；使用第一个规范
fg_menu.obj : warning LNK4197: 多次指定导出“glutChangeToMenuEntry”；使用第一个规范
fg_menu.obj : warning LNK4197: 多次指定导出“glutChangeToSubMenu”；使用第一个规范
fg_menu.obj : warning LNK4197: 多次指定导出“glutRemoveMenuItem”；使用第一个规范
fg_menu.obj : warning LNK4197: 多次指定导出“glutAttachMenu”；使用第一个规范
fg_menu.obj : warning LNK4197: 多次指定导出“glutDetachMenu”；使用第一个规范
fg_menu.obj : warning LNK4197: 多次指定导出“glutSetMenuFont”；使用第一个规范
fg_menu.obj : warning LNK4197: 多次指定导出“glutGetMenuData”；使用第一个规范
fg_menu.obj : warning LNK4197: 多次指定导出“glutSetMenuData”；使用第一个规范
fg_init_mswin.obj : warning LNK4197: 多次指定导出“__glutInitWithExit”；使用第一个规范
fg_menu_mswin.obj : warning LNK4197: 多次指定导出“__glutCreateMenuWithExit”；使用第一个规范
fg_window_mswin.obj : warning LNK4197: 多次指定导出“__glutCreateWindowWithExit”；使用第一个规范
     正在创建库 E:/RayTracing/GPUPathTracing/lib/freeglut-3.0.0/lib/Debug/freeglutd.lib 和对象 E:/RayTracing/GPUPathTracing/lib/freeglut-3.0.0/lib/Debug/freeglutd.exp
  freeglut.vcxproj -> E:\RayTracing\GPUPathTracing\lib\freeglut-3.0.0\x64\Debug\freeglutd.dll
